Determining if the atomic_fetchadd_long exist failed with the following output:
Change Dir: /mnt/c/VirLab/SPAdes-3.13.0/build_spades/CMakeFiles/CMakeTmp

Run Build Command:"/usr/bin/make" "cmTC_ad388/fast"
/usr/bin/make -f CMakeFiles/cmTC_ad388.dir/build.make CMakeFiles/cmTC_ad388.dir/build
make[1]: Entering directory '/mnt/c/VirLab/SPAdes-3.13.0/build_spades/CMakeFiles/CMakeTmp'
Building C object CMakeFiles/cmTC_ad388.dir/CheckSymbolExists.c.o
/usr/bin/cc   -fopenmp    -o CMakeFiles/cmTC_ad388.dir/CheckSymbolExists.c.o   -c /mnt/c/VirLab/SPAdes-3.13.0/build_spades/CMakeFiles/CMakeTmp/CheckSymbolExists.c
/mnt/c/VirLab/SPAdes-3.13.0/build_spades/CMakeFiles/CMakeTmp/CheckSymbolExists.c:3:10: fatal error: machine/atomic.h: No such file or directory
 #include <machine/atomic.h>
          ^~~~~~~~~~~~~~~~~~
compilation terminated.
CMakeFiles/cmTC_ad388.dir/build.make:65: recipe for target 'CMakeFiles/cmTC_ad388.dir/CheckSymbolExists.c.o' failed
make[1]: *** [CMakeFiles/cmTC_ad388.dir/CheckSymbolExists.c.o] Error 1
make[1]: Leaving directory '/mnt/c/VirLab/SPAdes-3.13.0/build_spades/CMakeFiles/CMakeTmp'
Makefile:126: recipe for target 'cmTC_ad388/fast' failed
make: *** [cmTC_ad388/fast] Error 2

File /mnt/c/VirLab/SPAdes-3.13.0/build_spades/CMakeFiles/CMakeTmp/CheckSymbolExists.c:
/* */
#include <sys/types.h>
#include <machine/atomic.h>
#include <inttypes.h>

int main(int argc, char** argv)
{
  (void)argv;
#ifndef atomic_fetchadd_long
  return ((int*)(&atomic_fetchadd_long))[argc];
#else
  (void)argc;
  return 0;
#endif
}

Determining if the OSAtomicAdd64 exist failed with the following output:
Change Dir: /mnt/c/VirLab/SPAdes-3.13.0/build_spades/CMakeFiles/CMakeTmp

Run Build Command:"/usr/bin/make" "cmTC_96a1a/fast"
/usr/bin/make -f CMakeFiles/cmTC_96a1a.dir/build.make CMakeFiles/cmTC_96a1a.dir/build
make[1]: Entering directory '/mnt/c/VirLab/SPAdes-3.13.0/build_spades/CMakeFiles/CMakeTmp'
Building C object CMakeFiles/cmTC_96a1a.dir/CheckSymbolExists.c.o
/usr/bin/cc   -fopenmp    -o CMakeFiles/cmTC_96a1a.dir/CheckSymbolExists.c.o   -c /mnt/c/VirLab/SPAdes-3.13.0/build_spades/CMakeFiles/CMakeTmp/CheckSymbolExists.c
/mnt/c/VirLab/SPAdes-3.13.0/build_spades/CMakeFiles/CMakeTmp/CheckSymbolExists.c:2:10: fatal error: libkern/OSAtomic.h: No such file or directory
 #include <libkern/OSAtomic.h>
          ^~~~~~~~~~~~~~~~~~~~
compilation terminated.
CMakeFiles/cmTC_96a1a.dir/build.make:65: recipe for target 'CMakeFiles/cmTC_96a1a.dir/CheckSymbolExists.c.o' failed
make[1]: *** [CMakeFiles/cmTC_96a1a.dir/CheckSymbolExists.c.o] Error 1
make[1]: Leaving directory '/mnt/c/VirLab/SPAdes-3.13.0/build_spades/CMakeFiles/CMakeTmp'
Makefile:126: recipe for target 'cmTC_96a1a/fast' failed
make: *** [cmTC_96a1a/fast] Error 2

File /mnt/c/VirLab/SPAdes-3.13.0/build_spades/CMakeFiles/CMakeTmp/CheckSymbolExists.c:
/* */
#include <libkern/OSAtomic.h>
#include <inttypes.h>

int main(int argc, char** argv)
{
  (void)argv;
#ifndef OSAtomicAdd64
  return ((int*)(&OSAtomicAdd64))[argc];
#else
  (void)argc;
  return 0;
#endif
}

Determining if the OSSpinLockLock exist failed with the following output:
Change Dir: /mnt/c/VirLab/SPAdes-3.13.0/build_spades/CMakeFiles/CMakeTmp

Run Build Command:"/usr/bin/make" "cmTC_25c03/fast"
/usr/bin/make -f CMakeFiles/cmTC_25c03.dir/build.make CMakeFiles/cmTC_25c03.dir/build
make[1]: Entering directory '/mnt/c/VirLab/SPAdes-3.13.0/build_spades/CMakeFiles/CMakeTmp'
Building C object CMakeFiles/cmTC_25c03.dir/CheckSymbolExists.c.o
/usr/bin/cc   -fopenmp    -o CMakeFiles/cmTC_25c03.dir/CheckSymbolExists.c.o   -c /mnt/c/VirLab/SPAdes-3.13.0/build_spades/CMakeFiles/CMakeTmp/CheckSymbolExists.c
/mnt/c/VirLab/SPAdes-3.13.0/build_spades/CMakeFiles/CMakeTmp/CheckSymbolExists.c:2:10: fatal error: libkern/OSAtomic.h: No such file or directory
 #include <libkern/OSAtomic.h>
          ^~~~~~~~~~~~~~~~~~~~
compilation terminated.
CMakeFiles/cmTC_25c03.dir/build.make:65: recipe for target 'CMakeFiles/cmTC_25c03.dir/CheckSymbolExists.c.o' failed
make[1]: *** [CMakeFiles/cmTC_25c03.dir/CheckSymbolExists.c.o] Error 1
make[1]: Leaving directory '/mnt/c/VirLab/SPAdes-3.13.0/build_spades/CMakeFiles/CMakeTmp'
Makefile:126: recipe for target 'cmTC_25c03/fast' failed
make: *** [cmTC_25c03/fast] Error 2

File /mnt/c/VirLab/SPAdes-3.13.0/build_spades/CMakeFiles/CMakeTmp/CheckSymbolExists.c:
/* */
#include <libkern/OSAtomic.h>
#include <inttypes.h>

int main(int argc, char** argv)
{
  (void)argv;
#ifndef OSSpinLockLock
  return ((int*)(&OSSpinLockLock))[argc];
#else
  (void)argc;
  return 0;
#endif
}

Determining if the function _malloc_thread_cleanup exists failed with the following output:
Change Dir: /mnt/c/VirLab/SPAdes-3.13.0/build_spades/CMakeFiles/CMakeTmp

Run Build Command:"/usr/bin/make" "cmTC_0b855/fast"
/usr/bin/make -f CMakeFiles/cmTC_0b855.dir/build.make CMakeFiles/cmTC_0b855.dir/build
make[1]: Entering directory '/mnt/c/VirLab/SPAdes-3.13.0/build_spades/CMakeFiles/CMakeTmp'
Building C object CMakeFiles/cmTC_0b855.dir/CheckFunctionExists.c.o
/usr/bin/cc   -fopenmp -DCHECK_FUNCTION_EXISTS=_malloc_thread_cleanup   -o CMakeFiles/cmTC_0b855.dir/CheckFunctionExists.c.o   -c /usr/share/cmake-3.10/Modules/CheckFunctionExists.c
Linking C executable cmTC_0b855
/usr/bin/cmake -E cmake_link_script CMakeFiles/cmTC_0b855.dir/link.txt --verbose=1
/usr/bin/cc  -fopenmp -DCHECK_FUNCTION_EXISTS=_malloc_thread_cleanup    -rdynamic CMakeFiles/cmTC_0b855.dir/CheckFunctionExists.c.o  -o cmTC_0b855 
CMakeFiles/cmTC_0b855.dir/CheckFunctionExists.c.o: In function `main':
CheckFunctionExists.c:(.text+0x10): undefined reference to `_malloc_thread_cleanup'
collect2: error: ld returned 1 exit status
CMakeFiles/cmTC_0b855.dir/build.make:97: recipe for target 'cmTC_0b855' failed
make[1]: *** [cmTC_0b855] Error 1
make[1]: Leaving directory '/mnt/c/VirLab/SPAdes-3.13.0/build_spades/CMakeFiles/CMakeTmp'
Makefile:126: recipe for target 'cmTC_0b855/fast' failed
make: *** [cmTC_0b855/fast] Error 2


Determining if the function _pthread_mutex_init_calloc_cb, exists failed with the following output:
Change Dir: /mnt/c/VirLab/SPAdes-3.13.0/build_spades/CMakeFiles/CMakeTmp

Run Build Command:"/usr/bin/make" "cmTC_caf66/fast"
/usr/bin/make -f CMakeFiles/cmTC_caf66.dir/build.make CMakeFiles/cmTC_caf66.dir/build
make[1]: Entering directory '/mnt/c/VirLab/SPAdes-3.13.0/build_spades/CMakeFiles/CMakeTmp'
Building C object CMakeFiles/cmTC_caf66.dir/CheckFunctionExists.c.o
/usr/bin/cc   -fopenmp -DCHECK_FUNCTION_EXISTS=_pthread_mutex_init_calloc_cb,   -o CMakeFiles/cmTC_caf66.dir/CheckFunctionExists.c.o   -c /usr/share/cmake-3.10/Modules/CheckFunctionExists.c
/usr/share/cmake-3.10/Modules/CheckFunctionExists.c:7:25: error: expected identifier or ‘(’ before ‘void’
   CHECK_FUNCTION_EXISTS(void);
                         ^~~~
/usr/share/cmake-3.10/Modules/CheckFunctionExists.c: In function ‘main’:
/usr/share/cmake-3.10/Modules/CheckFunctionExists.c:17:25: error: expected expression before ‘)’ token
   CHECK_FUNCTION_EXISTS();
                         ^
CMakeFiles/cmTC_caf66.dir/build.make:65: recipe for target 'CMakeFiles/cmTC_caf66.dir/CheckFunctionExists.c.o' failed
make[1]: *** [CMakeFiles/cmTC_caf66.dir/CheckFunctionExists.c.o] Error 1
make[1]: Leaving directory '/mnt/c/VirLab/SPAdes-3.13.0/build_spades/CMakeFiles/CMakeTmp'
Makefile:126: recipe for target 'cmTC_caf66/fast' failed
make: *** [cmTC_caf66/fast] Error 2


Determining if files cxxabi.h exist failed with the following output:
Change Dir: /mnt/c/VirLab/SPAdes-3.13.0/build_spades/CMakeFiles/CMakeTmp

Run Build Command:"/usr/bin/make" "cmTC_a2101/fast"
/usr/bin/make -f CMakeFiles/cmTC_a2101.dir/build.make CMakeFiles/cmTC_a2101.dir/build
make[1]: Entering directory '/mnt/c/VirLab/SPAdes-3.13.0/build_spades/CMakeFiles/CMakeTmp'
Building C object CMakeFiles/cmTC_a2101.dir/CheckIncludeFiles.c.o
/usr/bin/cc   -fopenmp    -o CMakeFiles/cmTC_a2101.dir/CheckIncludeFiles.c.o   -c /mnt/c/VirLab/SPAdes-3.13.0/build_spades/CMakeFiles/CMakeTmp/CheckIncludeFiles.c
/mnt/c/VirLab/SPAdes-3.13.0/build_spades/CMakeFiles/CMakeTmp/CheckIncludeFiles.c:2:10: fatal error: cxxabi.h: No such file or directory
 #include <cxxabi.h>
          ^~~~~~~~~~
compilation terminated.
CMakeFiles/cmTC_a2101.dir/build.make:65: recipe for target 'CMakeFiles/cmTC_a2101.dir/CheckIncludeFiles.c.o' failed
make[1]: *** [CMakeFiles/cmTC_a2101.dir/CheckIncludeFiles.c.o] Error 1
make[1]: Leaving directory '/mnt/c/VirLab/SPAdes-3.13.0/build_spades/CMakeFiles/CMakeTmp'
Makefile:126: recipe for target 'cmTC_a2101/fast' failed
make: *** [cmTC_a2101/fast] Error 2

Source:
/* */
#include <cxxabi.h>


int main(void){return 0;}

Determining if files mach/mach.h exist failed with the following output:
Change Dir: /mnt/c/VirLab/SPAdes-3.13.0/build_spades/CMakeFiles/CMakeTmp

Run Build Command:"/usr/bin/make" "cmTC_76d4c/fast"
/usr/bin/make -f CMakeFiles/cmTC_76d4c.dir/build.make CMakeFiles/cmTC_76d4c.dir/build
make[1]: Entering directory '/mnt/c/VirLab/SPAdes-3.13.0/build_spades/CMakeFiles/CMakeTmp'
Building C object CMakeFiles/cmTC_76d4c.dir/CheckIncludeFiles.c.o
/usr/bin/cc   -fopenmp    -o CMakeFiles/cmTC_76d4c.dir/CheckIncludeFiles.c.o   -c /mnt/c/VirLab/SPAdes-3.13.0/build_spades/CMakeFiles/CMakeTmp/CheckIncludeFiles.c
/mnt/c/VirLab/SPAdes-3.13.0/build_spades/CMakeFiles/CMakeTmp/CheckIncludeFiles.c:2:10: fatal error: mach/mach.h: No such file or directory
 #include <mach/mach.h>
          ^~~~~~~~~~~~~
compilation terminated.
CMakeFiles/cmTC_76d4c.dir/build.make:65: recipe for target 'CMakeFiles/cmTC_76d4c.dir/CheckIncludeFiles.c.o' failed
make[1]: *** [CMakeFiles/cmTC_76d4c.dir/CheckIncludeFiles.c.o] Error 1
make[1]: Leaving directory '/mnt/c/VirLab/SPAdes-3.13.0/build_spades/CMakeFiles/CMakeTmp'
Makefile:126: recipe for target 'cmTC_76d4c/fast' failed
make: *** [cmTC_76d4c/fast] Error 2

Source:
/* */
#include <mach/mach.h>


int main(void){return 0;}

Determining if the function shm_open exists failed with the following output:
Change Dir: /mnt/c/VirLab/SPAdes-3.13.0/build_spades/CMakeFiles/CMakeTmp

Run Build Command:"/usr/bin/make" "cmTC_ba4f5/fast"
/usr/bin/make -f CMakeFiles/cmTC_ba4f5.dir/build.make CMakeFiles/cmTC_ba4f5.dir/build
make[1]: Entering directory '/mnt/c/VirLab/SPAdes-3.13.0/build_spades/CMakeFiles/CMakeTmp'
Building C object CMakeFiles/cmTC_ba4f5.dir/CheckFunctionExists.c.o
/usr/bin/cc   -fopenmp -DCHECK_FUNCTION_EXISTS=shm_open   -o CMakeFiles/cmTC_ba4f5.dir/CheckFunctionExists.c.o   -c /usr/share/cmake-3.10/Modules/CheckFunctionExists.c
Linking C executable cmTC_ba4f5
/usr/bin/cmake -E cmake_link_script CMakeFiles/cmTC_ba4f5.dir/link.txt --verbose=1
/usr/bin/cc  -fopenmp -DCHECK_FUNCTION_EXISTS=shm_open    -rdynamic CMakeFiles/cmTC_ba4f5.dir/CheckFunctionExists.c.o  -o cmTC_ba4f5 
CMakeFiles/cmTC_ba4f5.dir/CheckFunctionExists.c.o: In function `main':
CheckFunctionExists.c:(.text+0x10): undefined reference to `shm_open'
collect2: error: ld returned 1 exit status
CMakeFiles/cmTC_ba4f5.dir/build.make:97: recipe for target 'cmTC_ba4f5' failed
make[1]: *** [cmTC_ba4f5] Error 1
make[1]: Leaving directory '/mnt/c/VirLab/SPAdes-3.13.0/build_spades/CMakeFiles/CMakeTmp'
Makefile:126: recipe for target 'cmTC_ba4f5/fast' failed
make: *** [cmTC_ba4f5/fast] Error 2


